[29Dec2024 00:00:09.441] [Server thread/INFO] [net.minecraft.server.MinecraftServer/]: [Nach: Set NiceDic's game mode to Creative Mode]
[29Dec2024 00:01:28.061] [Worker-Main-3/WARN] [net.minecraft.world.level.levelgen.structure.pools.JigsawPlacement/]: Empty or non-existent pool: minecraft:monster_hunter_additions_3_pool
[29Dec2024 00:01:28.067] [Worker-Main-3/WARN] [net.minecraft.world.level.levelgen.structure.pools.JigsawPlacement/]: Empty or non-existent pool: minecraft:monster_hunter_additions_3_pool
[29Dec2024 00:01:28.068] [Worker-Main-3/WARN] [net.minecraft.world.level.levelgen.structure.pools.JigsawPlacement/]: Empty or non-existent pool: minecraft:monster_hunter_end_1_pool
[29Dec2024 00:01:48.848] [Worker-Main-11/WARN] [net.minecraft.world.level.levelgen.structure.pools.JigsawPlacement/]: Empty or non-existent pool: minecraft:cook_additions_4_pool
[29Dec2024 00:01:48.850] [Worker-Main-11/WARN] [net.minecraft.world.level.levelgen.structure.pools.JigsawPlacement/]: Empty or non-existent pool: minecraft:cook_additions_1_pool
[29Dec2024 00:01:48.851] [Worker-Main-11/WARN] [net.minecraft.world.level.levelgen.structure.pools.JigsawPlacement/]: Empty or non-existent pool: minecraft:angler_additions_3_pool
[29Dec2024 00:01:48.851] [Worker-Main-11/WARN] [net.minecraft.world.level.levelgen.structure.pools.JigsawPlacement/]: Empty or non-existent pool: minecraft:cook_additions_2_pool
[29Dec2024 00:01:48.852] [Worker-Main-11/WARN] [net.minecraft.world.level.levelgen.structure.pools.JigsawPlacement/]: Empty or non-existent pool: minecraft:angler_additions_3_pool
[29Dec2024 00:01:48.856] [Worker-Main-11/WARN] [net.minecraft.world.level.levelgen.structure.pools.JigsawPlacement/]: Empty or non-existent pool: minecraft:angler_additions_3_pool
[29Dec2024 00:01:48.859] [Worker-Main-11/WARN] [net.minecraft.world.level.levelgen.structure.pools.JigsawPlacement/]: Empty or non-existent pool: minecraft:cook_end_1_pool
[29Dec2024 00:01:48.859] [Worker-Main-11/WARN] [net.minecraft.world.level.levelgen.structure.pools.JigsawPlacement/]: Empty or non-existent pool: minecraft:cook_end_1_pool
[29Dec2024 00:01:48.860] [Worker-Main-11/WARN] [net.minecraft.world.level.levelgen.structure.pools.JigsawPlacement/]: Empty or non-existent pool: minecraft:cook_end_1_pool
[29Dec2024 00:01:51.062] [Worker-Main-3/WARN] [net.minecraft.world.level.levelgen.structure.pools.JigsawPlacement/]: Empty or non-existent pool: minecraft:angler_additions_3_pool
[29Dec2024 00:02:00.792] [Worker-Main-1/WARN] [net.minecraft.world.level.levelgen.structure.pools.JigsawPlacement/]: Empty or non-existent pool: revampedvillages:outpost/points
[29Dec2024 00:02:00.882] [Worker-Main-1/WARN] [net.minecraft.world.level.levelgen.structure.pools.JigsawPlacement/]: Empty or non-existent pool: revampedvillages:outpost/points
[29Dec2024 00:02:01.049] [Worker-Main-11/WARN] [net.minecraft.world.level.levelgen.structure.pools.JigsawPlacement/]: Empty or non-existent pool: minecraft:monster_hunter_additions_3_pool
[29Dec2024 00:02:01.050] [Worker-Main-11/WARN] [net.minecraft.world.level.levelgen.structure.pools.JigsawPlacement/]: Empty or non-existent pool: minecraft:monster_hunter_additions_3_pool
[29Dec2024 00:02:01.050] [Worker-Main-11/WARN] [net.minecraft.world.level.levelgen.structure.pools.JigsawPlacement/]: Empty or non-existent pool: minecraft:monster_hunter_end_1_pool
[29Dec2024 00:02:01.050] [Worker-Main-11/WARN] [net.minecraft.world.level.levelgen.structure.pools.JigsawPlacement/]: Empty or non-existent pool: minecraft:monster_hunter_end_1_pool
[29Dec2024 00:02:05.889] [Worker-Main-11/WARN] [net.minecraft.world.level.levelgen.structure.pools.JigsawPlacement/]: Empty or non-existent pool: minecraft:ruins/forest_ruins_gate
[29Dec2024 00:02:05.910] [Worker-Main-11/WARN] [net.minecraft.world.level.levelgen.structure.pools.JigsawPlacement/]: Empty or non-existent pool: minecraft:ruins/forest_ruins_gate
[29Dec2024 00:02:05.914] [Worker-Main-11/WARN] [net.minecraft.world.level.levelgen.structure.pools.JigsawPlacement/]: Empty or non-existent pool: minecraft:ruins/forest_ruins_gate
[29Dec2024 00:03:01.507] [Worker-Main-11/WARN] [net.minecraft.world.level.levelgen.structure.pools.JigsawPlacement/]: Empty or non-existent pool: minecraft:monster_hunter_additions_3_pool
[29Dec2024 00:03:01.508] [Worker-Main-11/WARN] [net.minecraft.world.level.levelgen.structure.pools.JigsawPlacement/]: Empty or non-existent pool: minecraft:monster_hunter_additions_3_pool
[29Dec2024 00:03:01.509] [Worker-Main-11/WARN] [net.minecraft.world.level.levelgen.structure.pools.JigsawPlacement/]: Empty or non-existent pool: minecraft:monster_hunter_end_1_pool
[29Dec2024 00:03:04.433] [Server thread/WARN] [net.minecraft.server.network.ServerGamePacketListenerImpl/]: NiceDic moved too quickly! 1.7714343948823625,0.0,-10.735085293252496
[29Dec2024 00:03:10.315] [Worker-Main-3/WARN] [net.minecraft.world.level.levelgen.structure.pools.JigsawPlacement/]: Empty or non-existent pool: minecraft:angler_additions_3_pool
[29Dec2024 00:03:13.129] [Worker-Main-3/ERROR] [net.minecraft.world.entity.decoration.HangingEntity/]: Hanging entity at invalid position: BlockPos{x=-247, y=26, z=-1205}
[29Dec2024 00:03:13.130] [Worker-Main-3/ERROR] [net.minecraft.world.entity.decoration.HangingEntity/]: Hanging entity at invalid position: BlockPos{x=-243, y=26, z=-1203}
[29Dec2024 00:03:13.131] [Worker-Main-3/ERROR] [net.minecraft.world.entity.decoration.HangingEntity/]: Hanging entity at invalid position: BlockPos{x=-247, y=26, z=-1203}
[29Dec2024 00:03:15.232] [Worker-Main-1/ERROR] [net.minecraft.world.entity.decoration.HangingEntity/]: Hanging entity at invalid position: BlockPos{x=-327, y=26, z=-1243}
[29Dec2024 00:03:15.232] [Worker-Main-1/ERROR] [net.minecraft.world.entity.decoration.HangingEntity/]: Hanging entity at invalid position: BlockPos{x=-315, y=27, z=-1243}
[29Dec2024 00:03:15.233] [Worker-Main-1/ERROR] [net.minecraft.world.entity.decoration.HangingEntity/]: Hanging entity at invalid position: BlockPos{x=-319, y=27, z=-1245}
[29Dec2024 00:03:19.165] [Worker-Main-1/ERROR] [net.minecraft.world.entity.decoration.HangingEntity/]: Hanging entity at invalid position: BlockPos{x=-226, y=26, z=-1203}
[29Dec2024 00:03:19.166] [Worker-Main-1/ERROR] [net.minecraft.world.entity.decoration.HangingEntity/]: Hanging entity at invalid position: BlockPos{x=-228, y=26, z=-1204}
[29Dec2024 00:03:19.188] [Worker-Main-11/WARN] [net.minecraft.world.level.levelgen.structure.pools.JigsawPlacement/]: Empty or non-existent pool: minecraft:monster_hunter_additions_3_pool
[29Dec2024 00:03:19.189] [Worker-Main-11/WARN] [net.minecraft.world.level.levelgen.structure.pools.JigsawPlacement/]: Empty or non-existent pool: minecraft:monster_hunter_additions_3_pool
[29Dec2024 00:03:19.189] [Worker-Main-11/WARN] [net.minecraft.world.level.levelgen.structure.pools.JigsawPlacement/]: Empty or non-existent pool: minecraft:monster_hunter_end_1_pool
[29Dec2024 00:03:20.161] [Worker-Main-3/ERROR] [net.minecraft.world.entity.decoration.HangingEntity/]: Hanging entity at invalid position: BlockPos{x=-343, y=26, z=-1241}
[29Dec2024 00:03:20.799] [Worker-Main-1/ERROR] [net.minecraft.world.entity.decoration.HangingEntity/]: Hanging entity at invalid position: BlockPos{x=-288, y=25, z=-1205}
[29Dec2024 00:03:20.967] [Worker-Main-1/ERROR] [net.minecraft.world.entity.decoration.HangingEntity/]: Hanging entity at invalid position: BlockPos{x=-280, y=25, z=-1203}
[29Dec2024 00:03:20.968] [Worker-Main-1/ERROR] [net.minecraft.world.entity.decoration.HangingEntity/]: Hanging entity at invalid position: BlockPos{x=-288, y=25, z=-1203}
[29Dec2024 00:03:20.969] [Worker-Main-1/ERROR] [net.minecraft.world.entity.decoration.HangingEntity/]: Hanging entity at invalid position: BlockPos{x=-285, y=25, z=-1202}
[29Dec2024 00:03:20.969] [Worker-Main-1/ERROR] [net.minecraft.world.entity.decoration.HangingEntity/]: Hanging entity at invalid position: BlockPos{x=-286, y=25, z=-1200}
[29Dec2024 00:03:23.263] [Worker-Main-1/ERROR] [net.minecraft.world.entity.decoration.HangingEntity/]: Hanging entity at invalid position: BlockPos{x=-341, y=26, z=-1246}
[29Dec2024 00:03:23.264] [Worker-Main-1/ERROR] [net.minecraft.world.entity.decoration.HangingEntity/]: Hanging entity at invalid position: BlockPos{x=-341, y=26, z=-1247}
[29Dec2024 00:03:23.264] [Worker-Main-1/ERROR] [net.minecraft.world.entity.decoration.HangingEntity/]: Hanging entity at invalid position: BlockPos{x=-345, y=26, z=-1246}
[29Dec2024 00:03:23.265] [Worker-Main-1/ERROR] [net.minecraft.world.entity.decoration.HangingEntity/]: Hanging entity at invalid position: BlockPos{x=-345, y=26, z=-1247}
[29Dec2024 00:03:23.474] [Worker-Main-1/ERROR] [net.minecraft.world.entity.decoration.HangingEntity/]: Hanging entity at invalid position: BlockPos{x=-226, y=25, z=-1227}
[29Dec2024 00:03:23.632] [Worker-Main-11/ERROR] [net.minecraft.world.entity.decoration.HangingEntity/]: Hanging entity at invalid position: BlockPos{x=-230, y=25, z=-1225}
[29Dec2024 00:03:32.369] [Worker-Main-11/ERROR] [net.minecraft.world.entity.decoration.HangingEntity/]: Hanging entity at invalid position: BlockPos{x=-221, y=27, z=-1221}
[29Dec2024 00:03:47.738] [Worker-Main-3/ERROR] [net.minecraft.world.entity.decoration.HangingEntity/]: Hanging entity at invalid position: BlockPos{x=-305, y=24, z=-1209}
[29Dec2024 00:03:49.043] [Worker-Main-1/ERROR] [net.minecraft.world.entity.decoration.HangingEntity/]: Hanging entity at invalid position: BlockPos{x=-358, y=26, z=-1227}
[29Dec2024 00:03:49.051] [Worker-Main-3/ERROR] [net.minecraft.world.entity.decoration.HangingEntity/]: Hanging entity at invalid position: BlockPos{x=-363, y=26, z=-1221}
[29Dec2024 00:03:49.051] [Worker-Main-3/ERROR] [net.minecraft.world.entity.decoration.HangingEntity/]: Hanging entity at invalid position: BlockPos{x=-364, y=25, z=-1220}
[29Dec2024 00:03:49.052] [Worker-Main-3/ERROR] [net.minecraft.world.entity.decoration.HangingEntity/]: Hanging entity at invalid position: BlockPos{x=-364, y=25, z=-1219}
[29Dec2024 00:03:49.304] [Server thread/WARN] [net.minecraft.server.network.ServerGamePacketListenerImpl/]: NiceDic moved too quickly! 9.642488819473101,0.0,-5.0031279779584565
[29Dec2024 00:03:50.410] [Worker-Main-3/ERROR] [net.minecraft.world.entity.decoration.HangingEntity/]: Hanging entity at invalid position: BlockPos{x=-295, y=26, z=-1245}
[29Dec2024 00:03:50.411] [Worker-Main-3/ERROR] [net.minecraft.world.entity.decoration.HangingEntity/]: Hanging entity at invalid position: BlockPos{x=-295, y=26, z=-1244}
[29Dec2024 00:03:50.411] [Worker-Main-3/ERROR] [net.minecraft.world.entity.decoration.HangingEntity/]: Hanging entity at invalid position: BlockPos{x=-295, y=26, z=-1243}
[29Dec2024 00:03:52.395] [Worker-Main-3/ERROR] [net.minecraft.world.entity.decoration.HangingEntity/]: Hanging entity at invalid position: BlockPos{x=-373, y=29, z=-1205}
[29Dec2024 00:04:08.360] [Worker-Main-3/ERROR] [net.minecraft.world.entity.decoration.HangingEntity/]: Hanging entity at invalid position: BlockPos{x=-226, y=26, z=-1203}
[29Dec2024 00:04:08.360] [Worker-Main-3/ERROR] [net.minecraft.world.entity.decoration.HangingEntity/]: Hanging entity at invalid position: BlockPos{x=-228, y=26, z=-1204}
[29Dec2024 00:04:08.372] [Worker-Main-3/ERROR] [net.minecraft.world.entity.decoration.HangingEntity/]: Hanging entity at invalid position: BlockPos{x=-277, y=25, z=-1222}
[29Dec2024 00:04:08.379] [Worker-Main-3/ERROR] [net.minecraft.world.entity.decoration.HangingEntity/]: Hanging entity at invalid position: BlockPos{x=-282, y=26, z=-1226}
[29Dec2024 00:04:08.379] [Worker-Main-3/ERROR] [net.minecraft.world.entity.decoration.HangingEntity/]: Hanging entity at invalid position: BlockPos{x=-282, y=26, z=-1224}
[29Dec2024 00:05:46.280] [Server thread/INFO] [net.minecraft.server.MinecraftServer/]: NiceDic has made the advancement [It's Tradin' Time!]
[29Dec2024 00:07:54.969] [Server thread/INFO] [net.minecraft.server.MinecraftServer/]: [Nach: Set the time to 1000]
[29Dec2024 00:11:18.101] [Server thread/INFO] [io.github.lightman314.lightmanscurrency.LightmansCurrency/]: Trader block was broken by legal means!
[29Dec2024 00:11:25.065] [Server thread/INFO] [io.github.lightman314.lightmanscurrency.LightmansCurrency/]: Trader block was broken by legal means!
[29Dec2024 00:11:25.065] [Server thread/INFO] [io.github.lightman314.lightmanscurrency.LightmansCurrency/]: Trader block was broken by legal means!
[29Dec2024 00:36:57.820] [Server thread/INFO] [net.minecraft.server.MinecraftServer/]: [Not Secure] <Nach> -664 63 -288
[29Dec2024 00:37:38.989] [Server thread/INFO] [net.minecraft.server.MinecraftServer/]: [Nach: Successfully filled 79 block(s)]
[29Dec2024 00:38:57.878] [Server thread/INFO] [net.minecraft.server.MinecraftServer/]: [Nach: Set the time to 1000]
[29Dec2024 00:50:34.326] [Server thread/INFO] [net.minecraft.server.MinecraftServer/]: [Nach: Set the time to 1000]
[29Dec2024 01:01:25.750] [Server thread/INFO] [net.minecraft.server.MinecraftServer/]: [Nach: Set the time to 1000]
[29Dec2024 01:12:39.333] [Server thread/INFO] [net.minecraft.server.MinecraftServer/]: [Nach: Set the time to 1000]
[29Dec2024 01:21:23.561] [Server thread/WARN] [net.minecraft.server.network.ServerGamePacketListenerImpl/]: Automobile (vehicle of NiceDic) moved wrongly! 0.3359259590506557
[29Dec2024 01:23:01.026] [Server thread/INFO] [net.minecraft.server.MinecraftServer/]: [Nach: Set the time to 1000]
[29Dec2024 01:28:08.986] [Server thread/INFO] [net.minecraft.server.MinecraftServer/]: [Not Secure] <Nach> -554 72 -244
[29Dec2024 01:28:38.975] [Server thread/INFO] [net.minecraft.server.MinecraftServer/]: [Nach: Successfully filled 66 block(s)]
[29Dec2024 01:37:35.952] [Server thread/INFO] [net.minecraft.server.MinecraftServer/]: [Nach: Set the time to 1000]
[29Dec2024 01:39:48.063] [Server thread/INFO] [net.minecraft.server.MinecraftServer/]: [Not Secure] <Nach> -499 64 -216
[29Dec2024 01:40:10.969] [Server thread/INFO] [net.minecraft.server.MinecraftServer/]: [Nach: Successfully filled 23 block(s)]
[29Dec2024 01:48:38.047] [Server thread/INFO] [net.minecraft.server.MinecraftServer/]: [Nach: Set the time to 1000]
[29Dec2024 01:58:43.381] [Server thread/INFO] [net.minecraft.server.MinecraftServer/]: [Nach: Set the time to 1000]
[29Dec2024 02:04:33.028] [Server thread/WARN] [net.minecraft.server.network.ServerGamePacketListenerImpl/]: Automobile (vehicle of Nach) moved wrongly! 0.2560887794206792
[29Dec2024 02:08:53.931] [Server thread/INFO] [net.minecraft.server.MinecraftServer/]: [Nach: Set the time to 1000]
[29Dec2024 02:12:56.652] [Server thread/WARN] [net.minecraft.server.network.ServerGamePacketListenerImpl/]: Nach moved too quickly! 366.060463450841,3.9933289051516283,-966.7144684116886
[29Dec2024 02:15:48.869] [Server thread/WARN] [net.minecraft.server.network.ServerGamePacketListenerImpl/]: Automobile (vehicle of Jeruuk) moved wrongly! 0.36055780202145726
[29Dec2024 02:17:03.464] [Server thread/WARN] [net.minecraft.server.network.ServerGamePacketListenerImpl/]: Automobile (vehicle of Jeruuk) moved wrongly! 0.45706012845045596
[29Dec2024 02:17:18.119] [Server thread/WARN] [net.minecraft.server.network.ServerGamePacketListenerImpl/]: Automobile (vehicle of Jeruuk) moved wrongly! 0.49466031789795334
[29Dec2024 02:19:54.116] [Server thread/WARN] [net.minecraft.server.network.ServerGamePacketListenerImpl/]: Automobile (vehicle of NiceDic) moved wrongly! 0.3506938219070438
[29Dec2024 02:22:05.168] [Server thread/INFO] [net.minecraft.server.MinecraftServer/]: [Nach: Set the time to 1000]
[29Dec2024 02:28:43.811] [Server thread/WARN] [net.minecraft.server.network.ServerGamePacketListenerImpl/]: Automobile (vehicle of Jeruuk) moved wrongly! 0.3378241807223229
[29Dec2024 02:29:04.469] [Server thread/WARN] [net.minecraft.server.network.ServerGamePacketListenerImpl/]: Automobile (vehicle of Jeruuk) moved wrongly! 0.5001871883868506
[29Dec2024 02:34:07.191] [Server thread/INFO] [net.minecraft.server.MinecraftServer/]: [Nach: Teleported Nach to Jeruuk]
[29Dec2024 02:34:20.014] [Server thread/INFO] [net.minecraft.server.MinecraftServer/]: [Nach: Teleported Jeruuk to NiceDic]
[29Dec2024 02:34:20.044] [Server thread/WARN] [net.minecraft.server.network.ServerGamePacketListenerImpl/]: Jeruuk moved too quickly! -976.2216527271801,3.2287687181785856,485.212438765196
[29Dec2024 02:34:27.748] [Server thread/INFO] [net.minecraft.server.MinecraftServer/]: [Nach: Teleported Nach to Jeruuk]
[29Dec2024 02:35:02.533] [Server thread/WARN] [net.minecraft.server.network.ServerGamePacketListenerImpl/]: Automobile (vehicle of Nach) moved wrongly! 0.3326366767286274
[29Dec2024 02:35:35.108] [Server thread/WARN] [net.minecraft.server.network.ServerGamePacketListenerImpl/]: Automobile (vehicle of Jeruuk) moved wrongly! 0.30021368219831857
[29Dec2024 02:35:35.259] [Server thread/WARN] [net.minecraft.server.network.ServerGamePacketListenerImpl/]: Automobile (vehicle of Jeruuk) moved wrongly! 0.28718654361273366
[29Dec2024 02:35:35.315] [Server thread/WARN] [net.minecraft.server.network.ServerGamePacketListenerImpl/]: Automobile (vehicle of Jeruuk) moved wrongly! 0.28104368438118854
[29Dec2024 02:35:35.364] [Server thread/WARN] [net.minecraft.server.network.ServerGamePacketListenerImpl/]: Automobile (vehicle of Jeruuk) moved wrongly! 0.2868207268866172
[29Dec2024 02:36:50.707] [Server thread/INFO] [net.minecraft.server.MinecraftServer/]: [Nach: Teleported Jeruuk to Nach]
[29Dec2024 02:36:50.739] [Server thread/WARN] [net.minecraft.server.network.ServerGamePacketListenerImpl/]: Jeruuk moved too quickly! 16.952984316547713,17.339999973773956,-35.0
[29Dec2024 02:38:23.757] [Server thread/WARN] [net.minecraft.server.network.ServerGamePacketListenerImpl/]: Automobile (vehicle of NiceDic) moved wrongly! 0.33407969500035506
[29Dec2024 02:38:25.050] [Server thread/WARN] [net.minecraft.server.network.ServerGamePacketListenerImpl/]: Automobile (vehicle of NiceDic) moved wrongly! 0.25203450520837123
[29Dec2024 02:39:04.600] [Server thread/WARN] [net.minecraft.server.network.ServerGamePacketListenerImpl/]: Automobile (vehicle of Jeruuk) moved wrongly! 0.2602103340653912
[29Dec2024 02:40:27.016] [Server thread/INFO] [net.minecraft.server.MinecraftServer/]: [Nach: Teleported Jeruuk to Nach]
[29Dec2024 02:40:32.321] [Server thread/INFO] [net.minecraft.server.MinecraftServer/]: [Nach: Teleported NiceDic to Nach]
[29Dec2024 02:42:16.557] [Server thread/WARN] [net.minecraft.server.network.ServerGamePacketListenerImpl/]: Automobile (vehicle of NiceDic) moved wrongly! 0.3258537791151639
[29Dec2024 02:42:16.656] [Server thread/WARN] [net.minecraft.server.network.ServerGamePacketListenerImpl/]: Automobile (vehicle of NiceDic) moved wrongly! 0.3372091790547529
[29Dec2024 02:42:16.707] [Server thread/WARN] [net.minecraft.server.network.ServerGamePacketListenerImpl/]: Automobile (vehicle of NiceDic) moved wrongly! 0.6031777722910192
[29Dec2024 02:42:16.844] [Server thread/WARN] [net.minecraft.server.network.ServerGamePacketListenerImpl/]: Automobile (vehicle of NiceDic) moved wrongly! 0.5205714610444829
[29Dec2024 02:43:27.310] [Server thread/INFO] [net.minecraft.server.MinecraftServer/]: [Nach: Teleported NiceDic to Jeruuk]
